<?xml version="1.0" encoding="UTF-8"?>
<testng-results skipped="0" failed="0" total="1" passed="1">
  <reporter-output>
    <line>
      <![CDATA[Step >> Initiated Winium Driver]]>
    </line>
    <line>
      <![CDATA[Step >> Sucessfully clicked on new mail button]]>
    </line>
    <line>
      <![CDATA[Step >> Entered To ]]>
    </line>
  </reporter-output>
  <suite name="Suite" duration-ms="20625" started-at="2016-12-29T06:38:39Z" finished-at="2016-12-29T06:39:00Z">
    <groups>
    </groups>
    <test name="Outlook Winium" duration-ms="20625" started-at="2016-12-29T06:38:39Z" finished-at="2016-12-29T06:39:00Z">
      <class name="testWin.OutlookWinum">
        <test-method status="PASS" signature="test()[pri:0, instance:testWin.OutlookWinum@1b63a45]" name="test" duration-ms="20542" started-at="2016-12-29T12:08:40Z" finished-at="2016-12-29T12:09:00Z">
          <reporter-output>
            <line>
              <![CDATA[Step >> Initiated Winium Driver]]>
            </line>
            <line>
              <![CDATA[Step >> Sucessfully clicked on new mail button]]>
            </line>
            <line>
              <![CDATA[Step >> Entered To ]]>
            </line>
          </reporter-output>
        </test-method> <!-- test -->
      </class> <!-- testWin.OutlookWinum -->
    </test> <!-- Outlook Winium -->
  </suite> <!-- Suite -->
</testng-results>
