<?xml version="1.0" encoding="UTF-8"?>
<testng-results skipped="0" failed="0" total="1" passed="1">
  <reporter-output>
  </reporter-output>
  <suite name="Suite" duration-ms="6757" started-at="2016-12-28T16:08:29Z" finished-at="2016-12-28T16:08:36Z">
    <groups>
    </groups>
    <test name="Outlook Winium" duration-ms="6757" started-at="2016-12-28T16:08:29Z" finished-at="2016-12-28T16:08:36Z">
      <class name="testWin.OutlookWinum">
        <test-method status="PASS" signature="test()[pri:0, instance:testWin.OutlookWinum@2c43eb8]" name="test" duration-ms="6161" started-at="2016-12-28T21:38:29Z" finished-at="2016-12-28T21:38:35Z">
          <reporter-output>
          </reporter-output>
        </test-method> <!-- test -->
      </class> <!-- testWin.OutlookWinum -->
    </test> <!-- Outlook Winium -->
  </suite> <!-- Suite -->
</testng-results>
