<?xml version="1.0" encoding="UTF-8"?>
<testng-results skipped="0" failed="0" total="1" passed="1">
  <reporter-output>
    <line>
      <![CDATA[Step >> Initiated Winium Driver]]>
    </line>
    <line>
      <![CDATA[Step >> Sucessfully clicked on new mail button]]>
    </line>
    <line>
      <![CDATA[Step >> Entered To ]]>
    </line>
    <line>
      <![CDATA[Step >> Clicked on Send Button]]>
    </line>
  </reporter-output>
  <suite name="Suite" duration-ms="13766" started-at="2016-12-29T09:12:50Z" finished-at="2016-12-29T09:13:04Z">
    <groups>
    </groups>
    <test name="Outlook Winium" duration-ms="13766" started-at="2016-12-29T09:12:50Z" finished-at="2016-12-29T09:13:04Z">
      <class name="testWin.OutlookWinum">
        <test-method status="PASS" signature="test()[pri:0, instance:testWin.OutlookWinum@5246a3b3]" name="test" duration-ms="13654" started-at="2016-12-29T14:42:50Z" finished-at="2016-12-29T14:43:04Z">
          <reporter-output>
            <line>
              <![CDATA[Step >> Initiated Winium Driver]]>
            </line>
            <line>
              <![CDATA[Step >> Sucessfully clicked on new mail button]]>
            </line>
            <line>
              <![CDATA[Step >> Entered To ]]>
            </line>
            <line>
              <![CDATA[Step >> Clicked on Send Button]]>
            </line>
          </reporter-output>
        </test-method> <!-- test -->
      </class> <!-- testWin.OutlookWinum -->
    </test> <!-- Outlook Winium -->
  </suite> <!-- Suite -->
</testng-results>
