<?xml version="1.0" encoding="UTF-8"?>
<!-- Generated by org.testng.reporters.JUnitXMLReporter -->
<testsuite hostname="N7Z0SFY1" name="Test" tests="5" failures="0" timestamp="13 Mar 2017 08:42:05 GMT" time="0.192" errors="0">
  <testcase name="test1" time="0.062" classname="testJava.testTestNG"/>
  <testcase name="test2" time="0.001" classname="testJava.testTestNG"/>
  <testcase name="test3" time="0.001" classname="testJava.testTestNG"/>
  <testcase name="test4" time="0.001" classname="testJava.testTestNG"/>
  <testcase name="test5" time="0.0" classname="testJava.testTestNG"/>
</testsuite> <!-- Test -->
