<?xml version="1.0" encoding="UTF-8"?>
<testng-results skipped="0" failed="0" total="1" passed="1">
  <reporter-output>
  </reporter-output>
  <suite name="Suite" duration-ms="4524" started-at="2016-12-28T16:09:48Z" finished-at="2016-12-28T16:09:52Z">
    <groups>
    </groups>
    <test name="Outlook Winium" duration-ms="4524" started-at="2016-12-28T16:09:48Z" finished-at="2016-12-28T16:09:52Z">
      <class name="testWin.OutlookWinum">
        <test-method status="PASS" signature="test()[pri:0, instance:testWin.OutlookWinum@314c8b4a]" name="test" duration-ms="4220" started-at="2016-12-28T21:39:48Z" finished-at="2016-12-28T21:39:52Z">
          <reporter-output>
          </reporter-output>
        </test-method> <!-- test -->
      </class> <!-- testWin.OutlookWinum -->
    </test> <!-- Outlook Winium -->
  </suite> <!-- Suite -->
</testng-results>
