<?xml version="1.0" encoding="UTF-8"?>
<testng-results skipped="0" failed="0" total="1" passed="1">
  <reporter-output>
  </reporter-output>
  <suite name="Suite" duration-ms="11279" started-at="2016-12-15T10:18:47Z" finished-at="2016-12-15T10:18:59Z">
    <groups>
    </groups>
    <test name="Test" duration-ms="11279" started-at="2016-12-15T10:18:47Z" finished-at="2016-12-15T10:18:59Z">
      <class name="testAllure.allurelogs">
        <test-method status="PASS" signature="testURL()[pri:0, instance:testAllure.allurelogs@164e3e2]" name="testURL" duration-ms="11074" started-at="2016-12-15T15:48:47Z" finished-at="2016-12-15T15:48:59Z">
          <reporter-output>
          </reporter-output>
        </test-method> <!-- testURL -->
      </class> <!-- testAllure.allurelogs -->
    </test> <!-- Test -->
  </suite> <!-- Suite -->
</testng-results>
