<?xml version="1.0" encoding="UTF-8"?>
<testng-results skipped="0" failed="0" total="1" passed="1">
  <reporter-output>
  </reporter-output>
  <suite name="Suite" duration-ms="11561" started-at="2016-12-15T09:32:52Z" finished-at="2016-12-15T09:33:04Z">
    <groups>
    </groups>
    <test name="Test" duration-ms="11561" started-at="2016-12-15T09:32:52Z" finished-at="2016-12-15T09:33:04Z">
      <class name="testAllure.allurelogs">
        <test-method status="PASS" signature="testURL()[pri:0, instance:testAllure.allurelogs@2d659]" name="testURL" duration-ms="11366" started-at="2016-12-15T15:02:52Z" finished-at="2016-12-15T15:03:04Z">
          <reporter-output>
          </reporter-output>
        </test-method> <!-- testURL -->
      </class> <!-- testAllure.allurelogs -->
    </test> <!-- Test -->
  </suite> <!-- Suite -->
</testng-results>
