<?xml version="1.0" encoding="UTF-8"?>
<testng-results skipped="0" failed="0" total="1" passed="1">
  <reporter-output>
  </reporter-output>
  <suite name="Suite" duration-ms="15875" started-at="2016-12-15T10:22:50Z" finished-at="2016-12-15T10:23:06Z">
    <groups>
    </groups>
    <test name="Test" duration-ms="15875" started-at="2016-12-15T10:22:50Z" finished-at="2016-12-15T10:23:06Z">
      <class name="testAllure.allurelogs">
        <test-method status="PASS" signature="testURL()[pri:0, instance:testAllure.allurelogs@466f1d]" name="testURL" duration-ms="15695" started-at="2016-12-15T15:52:50Z" finished-at="2016-12-15T15:53:05Z">
          <reporter-output>
          </reporter-output>
        </test-method> <!-- testURL -->
      </class> <!-- testAllure.allurelogs -->
    </test> <!-- Test -->
  </suite> <!-- Suite -->
</testng-results>
